<?xml version="1.0" encoding="UTF-8"?>
<testsuite name="com.zone.automationpractice.website.DefinitionTestSuite" time="6.888" tests="23" errors="0" skipped="0" failures="0">
  <properties>
    <property name="java.runtime.name" value="Java(TM) SE Runtime Environment"/>
    <property name="sun.boot.library.path" value="C:\Program Files\Java\jdk1.8.0_201\jre\bin"/>
    <property name="java.vm.version" value="25.201-b09"/>
    <property name="java.vm.vendor" value="Oracle Corporation"/>
    <property name="maven.multiModuleProjectDirectory" value="C:\silpa_resume\automationpractice_e2e_test"/>
    <property name="java.vendor.url" value="http://java.oracle.com/"/>
    <property name="path.separator" value=";"/>
    <property name="guice.disable.misplaced.annotation.check" value="true"/>
    <property name="java.vm.name" value="Java HotSpot(TM) 64-Bit Server VM"/>
    <property name="file.encoding.pkg" value="sun.io"/>
    <property name="user.script" value=""/>
    <property name="user.country" value="GB"/>
    <property name="sun.java.launcher" value="SUN_STANDARD"/>
    <property name="sun.os.patch.level" value=""/>
    <property name="java.vm.specification.name" value="Java Virtual Machine Specification"/>
    <property name="user.dir" value="C:\silpa_resume\automationpractice_e2e_test"/>
    <property name="java.runtime.version" value="1.8.0_201-b09"/>
    <property name="java.awt.graphicsenv" value="sun.awt.Win32GraphicsEnvironment"/>
    <property name="java.endorsed.dirs" value="C:\Program Files\Java\jdk1.8.0_201\jre\lib\endorsed"/>
    <property name="os.arch" value="amd64"/>
    <property name="java.io.tmpdir" value="C:\Users\SILPAR~1\AppData\Local\Temp\"/>
    <property name="line.separator" value="&#10;"/>
    <property name="java.vm.specification.vendor" value="Oracle Corporation"/>
    <property name="user.variant" value=""/>
    <property name="os.name" value="Windows 10"/>
    <property name="classworlds.conf" value="C:\Maven\apache-maven-3.6.1-bin\apache-maven-3.6.1\bin\..\bin\m2.conf"/>
    <property name="sun.jnu.encoding" value="Cp1252"/>
    <property name="java.library.path" value="C:\Program Files\Java\jdk1.8.0_201\bin;C:\WINDOWS\Sun\Java\bin;C:\WINDOWS\system32;C:\WINDOWS;C:\Program Files\Java\jdk1.8.0_201\bin;C:\Maven\apache-maven-3.6.1-bin\apache-maven-3.6.1\bin;C:\Program Files (x86)\Common Files\Oracle\Java\javapath;C:\WINDOWS\system32;C:\WINDOWS;C:\WINDOWS\System32\Wbem;C:\WINDOWS\System32\WindowsPowerShell\v1.0\;C:\Selenium\chromedriver_win32;C:\WINDOWS\System32\OpenSSH\;C:\Program Files\nodejs\;C:\Users\silpa reddy\.m2\repository\info\cukes\cucumber-java8\1.2.2;C:\Program Files\Microsoft SQL Server\Client SDK\ODBC\130\Tools\Binn\;C:\Program Files (x86)\Microsoft SQL Server\140\Tools\Binn\;C:\Program Files\Microsoft SQL Server\140\Tools\Binn\;C:\Program Files\Microsoft SQL Server\140\DTS\Binn\;C:\Program Files (x86)\Microsoft SQL Server\140\DTS\Binn\;C:\Program Files (x86)\Microsoft SQL Server\Client SDK\ODBC\130\Tools\Binn\;C:\Program Files (x86)\Microsoft SQL Server\140\Tools\Binn\ManagementStudio\;C:\Android;C:\Windows\System32;C:\Users\silpa reddy\AppData\Local\Microsoft\WindowsApps;C:\Selenium\chromedriver_win32;C:\Users\silpa reddy\AppData\Roaming\npm;."/>
    <property name="maven.conf" value="C:\Maven\apache-maven-3.6.1-bin\apache-maven-3.6.1\bin\../conf"/>
    <property name="java.specification.name" value="Java Platform API Specification"/>
    <property name="java.class.version" value="52.0"/>
    <property name="sun.management.compiler" value="HotSpot 64-Bit Tiered Compilers"/>
    <property name="os.version" value="10.0"/>
    <property name="library.jansi.path" value="C:\Maven\apache-maven-3.6.1-bin\apache-maven-3.6.1\bin\..\lib\jansi-native"/>
    <property name="user.home" value="C:\Users\silpa reddy"/>
    <property name="user.timezone" value="Europe/London"/>
    <property name="java.awt.printerjob" value="sun.awt.windows.WPrinterJob"/>
    <property name="java.specification.version" value="1.8"/>
    <property name="file.encoding" value="Cp1252"/>
    <property name="user.name" value="silpa reddy"/>
    <property name="java.class.path" value="C:\Maven\apache-maven-3.6.1-bin\apache-maven-3.6.1\bin\..\boot\plexus-classworlds-2.6.0.jar"/>
    <property name="java.vm.specification.version" value="1.8"/>
    <property name="sun.arch.data.model" value="64"/>
    <property name="java.home" value="C:\Program Files\Java\jdk1.8.0_201\jre"/>
    <property name="sun.java.command" value="org.codehaus.plexus.classworlds.launcher.Launcher clean verify -Dwebdriver.chrome.driver=C:\Selenium\chromedriver_win32\chromedriver.exe"/>
    <property name="java.specification.vendor" value="Oracle Corporation"/>
    <property name="user.language" value="en"/>
    <property name="awt.toolkit" value="sun.awt.windows.WToolkit"/>
    <property name="java.vm.info" value="mixed mode"/>
    <property name="java.version" value="1.8.0_201"/>
    <property name="java.ext.dirs" value="C:\Program Files\Java\jdk1.8.0_201\jre\lib\ext;C:\WINDOWS\Sun\Java\lib\ext"/>
    <property name="sun.boot.class.path" value="C:\Program Files\Java\jdk1.8.0_201\jre\lib\resources.jar;C:\Program Files\Java\jdk1.8.0_201\jre\lib\rt.jar;C:\Program Files\Java\jdk1.8.0_201\jre\lib\sunrsasign.jar;C:\Program Files\Java\jdk1.8.0_201\jre\lib\jsse.jar;C:\Program Files\Java\jdk1.8.0_201\jre\lib\jce.jar;C:\Program Files\Java\jdk1.8.0_201\jre\lib\charsets.jar;C:\Program Files\Java\jdk1.8.0_201\jre\lib\jfr.jar;C:\Program Files\Java\jdk1.8.0_201\jre\classes"/>
    <property name="webdriver.chrome.driver" value="C:\Selenium\chromedriver_win32\chromedriver.exe"/>
    <property name="sun.stderr.encoding" value="cp850"/>
    <property name="java.vendor" value="Oracle Corporation"/>
    <property name="maven.home" value="C:\Maven\apache-maven-3.6.1-bin\apache-maven-3.6.1\bin\.."/>
    <property name="file.separator" value="\"/>
    <property name="java.vendor.url.bug" value="http://bugreport.sun.com/bugreport/"/>
    <property name="sun.cpu.endian" value="little"/>
    <property name="sun.io.unicode.encoding" value="UnicodeLittle"/>
    <property name="sun.stdout.encoding" value="cp850"/>
    <property name="sun.desktop" value="windows"/>
    <property name="sun.cpu.isalist" value="amd64"/>
  </properties>
  <testcase name="Given I am on AutomationPractice Application" classname="Scenario: Place an order and register during checkout and pay via wire" time="0"/>
  <testcase name="When I Select an item in &apos;DRESSES&apos; and click Add to Cart" classname="Scenario: Place an order and register during checkout and pay via wire" time="0"/>
  <testcase name="And Click Proceed to checkout button" classname="Scenario: Place an order and register during checkout and pay via wire" time="0"/>
  <testcase name="Then Create an account during checkout" classname="Scenario: Place an order and register during checkout and pay via wire" time="0"/>
  <testcase name="And Accept Terms and Condition for payment" classname="Scenario: Place an order and register during checkout and pay via wire" time="0"/>
  <testcase name="Then Select Payment method via Wire and confirm the order" classname="Scenario: Place an order and register during checkout and pay via wire" time="0"/>
  <testcase name="And I verify the selected order is done" classname="Scenario: Place an order and register during checkout and pay via wire" time="0"/>
  <testcase name="And Sign off the application" classname="Scenario: Place an order and register during checkout and pay via wire" time="0"/>
  <testcase name="Scenario: Place an order and register during checkout and pay via wire" classname="Scenario: Place an order and register during checkout and pay via wire" time="5.558"/>
  <testcase name="Given I am on AutomationPractice Application" classname="Scenario: Change the size of item before purchasing" time="0"/>
  <testcase name="Given I am on AutomationPractice Application" classname="Scenario: Change the size of item before purchasing" time="0"/>
  <testcase name="When I Select an item in &apos;DRESSES&apos; tab" classname="Scenario: Change the size of item before purchasing" time="0"/>
  <testcase name="When I Select an item in &apos;DRESSES&apos; tab" classname="Scenario: Change the size of item before purchasing" time="0"/>
  <testcase name="And change the size of the selected item to &apos;M&apos;" classname="Scenario: Change the size of item before purchasing" time="0"/>
  <testcase name="Then I should see dropdown Option for product attribute as &apos;M&apos;" classname="Scenario: Change the size of item before purchasing" time="0"/>
  <testcase name="Scenario: Change the size of item before purchasing" classname="Scenario: Change the size of item before purchasing" time="0.659"/>
  <testcase name="Scenario: Change the size of item before purchasing" classname="Scenario: Change the size of item before purchasing" time="0.683"/>
  <testcase name="And change the color of the selected item to &apos;Pink&apos;" classname="Scenario: Change the size of item before purchasing" time="0"/>
  <testcase name="Then I should see dropdown Option for product attribute as &apos;Pink&apos;" classname="Scenario: Change the size of item before purchasing" time="0"/>
  <testcase name="Given I am on AutomationPractice Application" classname="Scenario: Quick view on the selected item" time="0"/>
  <testcase name="When I Select an item and click for quick view" classname="Scenario: Quick view on the selected item" time="0"/>
  <testcase name="Then I should see quick view of the selected items" classname="Scenario: Quick view on the selected item" time="0"/>
  <testcase name="Scenario: Quick view on the selected item" classname="Scenario: Quick view on the selected item" time="0.671"/>
</testsuite>